# JRE version: OpenJDK Runtime Environment (8.0_242-b01) (build 1.8.0_242-release-1644-b01)
# Java VM: OpenJDK 64-Bit Server VM (25.242-b01 mixed mode windows-amd64 compressed oops)
Heap:
 PSYoungGen      total 116736K, used 76831K [0x00000000f5580000, 0x00000000ff000000, 0x0000000100000000)
  eden space 80384K, 71% used [0x00000000f5580000,0x00000000f8deaf20,0x00000000fa400000)
  from space 36352K, 52% used [0x00000000fcc80000,0x00000000fdf1cde8,0x00000000ff000000)
  to   space 38912K, 0% used [0x00000000fa400000,0x00000000fa400000,0x00000000fca00000)
 ParOldGen       total 266752K, used 53496K [0x00000000e0000000, 0x00000000f0480000, 0x00000000f5580000)
  object space 266752K, 20% used [0x00000000e0000000,0x00000000e343e2d0,0x00000000f0480000)
 Metaspace       used 89540K, capacity 96174K, committed 96344K, reserved 1132544K
  class space    used 11691K, capacity 12926K, committed 12928K, reserved 1048576K
GC Heap History (10 events):
Event: 1874.252 GC heap before
{Heap before GC invocations=21 (full 3):
 PSYoungGen      total 101888K, used 101560K [0x00000000f5580000, 0x00000000ffc80000, 0x0000000100000000)
  eden space 86016K, 100% used [0x00000000f5580000,0x00000000fa980000,0x00000000fa980000)
  from space 15872K, 97% used [0x00000000faa80000,0x00000000fb9ae290,0x00000000fba00000)
  to   space 42496K, 0% used [0x00000000fd300000,0x00000000fd300000,0x00000000ffc80000)
 ParOldGen       total 266752K, used 53456K [0x00000000e0000000, 0x00000000f0480000, 0x00000000f5580000)
  object space 266752K, 20% used [0x00000000e0000000,0x00000000e34342d0,0x00000000f0480000)
 Metaspace       used 87706K, capacity 93314K, committed 93528K, reserved 1130496K
  class space    used 11514K, capacity 12604K, committed 12672K, reserved 1048576K
Event: 1874.264 GC heap after
Heap after GC invocations=21 (full 3):
 PSYoungGen      total 126976K, used 30807K [0x00000000f5580000, 0x00000000ffe80000, 0x0000000100000000)
  eden space 84480K, 0% used [0x00000000f5580000,0x00000000f5580000,0x00000000fa800000)
  from space 42496K, 72% used [0x00000000fd300000,0x00000000ff115fb8,0x00000000ffc80000)
  to   space 44032K, 0% used [0x00000000fa800000,0x00000000fa800000,0x00000000fd300000)
 ParOldGen       total 266752K, used 53464K [0x00000000e0000000, 0x00000000f0480000, 0x00000000f5580000)
  object space 266752K, 20% used [0x00000000e0000000,0x00000000e34362d0,0x00000000f0480000)
 Metaspace       used 87706K, capacity 93314K, committed 93528K, reserved 1130496K
  class space    used 11514K, capacity 12604K, committed 12672K, reserved 1048576K
}
Event: 1959.830 GC heap before
{Heap before GC invocations=22 (full 3):
 PSYoungGen      total 126976K, used 115287K [0x00000000f5580000, 0x00000000ffe80000, 0x0000000100000000)
  eden space 84480K, 100% used [0x00000000f5580000,0x00000000fa800000,0x00000000fa800000)
  from space 42496K, 72% used [0x00000000fd300000,0x00000000ff115fb8,0x00000000ffc80000)
  to   space 44032K, 0% used [0x00000000fa800000,0x00000000fa800000,0x00000000fd300000)
 ParOldGen       total 266752K, used 53464K [0x00000000e0000000, 0x00000000f0480000, 0x00000000f5580000)
  object space 266752K, 20% used [0x00000000e0000000,0x00000000e34362d0,0x00000000f0480000)
 Metaspace       used 88175K, capacity 93950K, committed 94040K, reserved 1130496K
  class space    used 11547K, capacity 12664K, committed 12672K, reserved 1048576K
Event: 1959.842 GC heap after
Heap after GC invocations=22 (full 3):
 PSYoungGen      total 103936K, used 20419K [0x00000000f5580000, 0x00000000ff900000, 0x0000000100000000)
  eden space 83456K, 0% used [0x00000000f5580000,0x00000000f5580000,0x00000000fa700000)
  from space 20480K, 99% used [0x00000000fa800000,0x00000000fbbf0f00,0x00000000fbc00000)
  to   space 41984K, 0% used [0x00000000fd000000,0x00000000fd000000,0x00000000ff900000)
 ParOldGen       total 266752K, used 53472K [0x00000000e0000000, 0x00000000f0480000, 0x00000000f5580000)
  object space 266752K, 20% used [0x00000000e0000000,0x00000000e34382d0,0x00000000f0480000)
 Metaspace       used 88175K, capacity 93950K, committed 94040K, reserved 1130496K
  class space    used 11547K, capacity 12664K, committed 12672K, reserved 1048576K
}
Event: 2700.889 GC heap before
{Heap before GC invocations=23 (full 3):
 PSYoungGen      total 103936K, used 103875K [0x00000000f5580000, 0x00000000ff900000, 0x0000000100000000)
  eden space 83456K, 100% used [0x00000000f5580000,0x00000000fa700000,0x00000000fa700000)
  from space 20480K, 99% used [0x00000000fa800000,0x00000000fbbf0f00,0x00000000fbc00000)
  to   space 41984K, 0% used [0x00000000fd000000,0x00000000fd000000,0x00000000ff900000)
 ParOldGen       total 266752K, used 53472K [0x00000000e0000000, 0x00000000f0480000, 0x00000000f5580000)
  object space 266752K, 20% used [0x00000000e0000000,0x00000000e34382d0,0x00000000f0480000)
 Metaspace       used 88420K, capacity 94340K, committed 94680K, reserved 1130496K
  class space    used 11571K, capacity 12707K, committed 12800K, reserved 1048576K
Event: 2700.897 GC heap after
Heap after GC invocations=23 (full 3):
 PSYoungGen      total 121344K, used 17634K [0x00000000f5580000, 0x00000000ff600000, 0x0000000100000000)
  eden space 82432K, 0% used [0x00000000f5580000,0x00000000f5580000,0x00000000fa600000)
  from space 38912K, 45% used [0x00000000fd000000,0x00000000fe138928,0x00000000ff600000)
  to   space 40960K, 0% used [0x00000000fa600000,0x00000000fa600000,0x00000000fce00000)
 ParOldGen       total 266752K, used 53480K [0x00000000e0000000, 0x00000000f0480000, 0x00000000f5580000)
  object space 266752K, 20% used [0x00000000e0000000,0x00000000e343a2d0,0x00000000f0480000)
 Metaspace       used 88420K, capacity 94340K, committed 94680K, reserved 1130496K
  class space    used 11571K, capacity 12707K, committed 12800K, reserved 1048576K
}
Event: 2701.379 GC heap before
{Heap before GC invocations=24 (full 3):
 PSYoungGen      total 121344K, used 100066K [0x00000000f5580000, 0x00000000ff600000, 0x0000000100000000)
  eden space 82432K, 100% used [0x00000000f5580000,0x00000000fa600000,0x00000000fa600000)
  from space 38912K, 45% used [0x00000000fd000000,0x00000000fe138928,0x00000000ff600000)
  to   space 40960K, 0% used [0x00000000fa600000,0x00000000fa600000,0x00000000fce00000)
 ParOldGen       total 266752K, used 53480K [0x00000000e0000000, 0x00000000f0480000, 0x00000000f5580000)
  object space 266752K, 20% used [0x00000000e0000000,0x00000000e343a2d0,0x00000000f0480000)
 Metaspace       used 88886K, capacity 95262K, committed 95576K, reserved 1132544K
  class space    used 11631K, capacity 12818K, committed 12928K, reserved 1048576K
Event: 2701.392 GC heap after
Heap after GC invocations=24 (full 3):
 PSYoungGen      total 106496K, used 24974K [0x00000000f5580000, 0x00000000ff400000, 0x0000000100000000)
  eden space 81408K, 0% used [0x00000000f5580000,0x00000000f5580000,0x00000000fa500000)
  from space 25088K, 99% used [0x00000000fa600000,0x00000000fbe63bb0,0x00000000fbe80000)
  to   space 40448K, 0% used [0x00000000fcc80000,0x00000000fcc80000,0x00000000ff400000)
 ParOldGen       total 266752K, used 53488K [0x00000000e0000000, 0x00000000f0480000, 0x00000000f5580000)
  object space 266752K, 20% used [0x00000000e0000000,0x00000000e343c2d0,0x00000000f0480000)
 Metaspace       used 88886K, capacity 95262K, committed 95576K, reserved 1132544K
  class space    used 11631K, capacity 12818K, committed 12928K, reserved 1048576K
}
Event: 2747.868 GC heap before
{Heap before GC invocations=25 (full 3):
 PSYoungGen      total 106496K, used 106382K [0x00000000f5580000, 0x00000000ff400000, 0x0000000100000000)
  eden space 81408K, 100% used [0x00000000f5580000,0x00000000fa500000,0x00000000fa500000)
  from space 25088K, 99% used [0x00000000fa600000,0x00000000fbe63bb0,0x00000000fbe80000)
  to   space 40448K, 0% used [0x00000000fcc80000,0x00000000fcc80000,0x00000000ff400000)
 ParOldGen       total 266752K, used 53488K [0x00000000e0000000, 0x00000000f0480000, 0x00000000f5580000)
  object space 266752K, 20% used [0x00000000e0000000,0x00000000e343c2d0,0x00000000f0480000)
 Metaspace       used 89497K, capacity 96110K, committed 96344K, reserved 1132544K
  class space    used 11690K, capacity 12926K, committed 12928K, reserved 1048576K
Event: 2747.877 GC heap after
Heap after GC invocations=25 (full 3):
 PSYoungGen      total 116736K, used 19059K [0x00000000f5580000, 0x00000000ff000000, 0x0000000100000000)
  eden space 80384K, 0% used [0x00000000f5580000,0x00000000f5580000,0x00000000fa400000)
  from space 36352K, 52% used [0x00000000fcc80000,0x00000000fdf1cde8,0x00000000ff000000)
  to   space 38912K, 0% used [0x00000000fa400000,0x00000000fa400000,0x00000000fca00000)
 ParOldGen       total 266752K, used 53496K [0x00000000e0000000, 0x00000000f0480000, 0x00000000f5580000)
  object space 266752K, 20% used [0x00000000e0000000,0x00000000e343e2d0,0x00000000f0480000)
 Metaspace       used 89497K, capacity 96110K, committed 96344K, reserved 1132544K
  class space    used 11690K, capacity 12926K, committed 12928K, reserved 1048576K
}

