# JRE version: OpenJDK Runtime Environment (8.0_242-b01) (build 1.8.0_242-release-1644-b01)
# Java VM: OpenJDK 64-Bit Server VM (25.242-b01 mixed mode windows-amd64 compressed oops)
Heap:
 PSYoungGen      total 163840K, used 62629K [0x00000000f5580000, 0x0000000100000000, 0x0000000100000000)
  eden space 153088K, 33% used [0x00000000f5580000,0x00000000f882ae88,0x00000000feb00000)
  from space 10752K, 99% used [0x00000000ff580000,0x00000000ffffe8e8,0x0000000100000000)
  to   space 10752K, 0% used [0x00000000feb00000,0x00000000feb00000,0x00000000ff580000)
 ParOldGen       total 175104K, used 14815K [0x00000000e0000000, 0x00000000eab00000, 0x00000000f5580000)
  object space 175104K, 8% used [0x00000000e0000000,0x00000000e0e77e20,0x00000000eab00000)
 Metaspace       used 33966K, capacity 34920K, committed 35200K, reserved 1079296K
  class space    used 4651K, capacity 4917K, committed 4992K, reserved 1048576K
GC Heap History (10 events):
Event: 0.484 GC heap before
{Heap before GC invocations=1 (full 0):
 PSYoungGen      total 76288K, used 65536K [0x00000000f5580000, 0x00000000faa80000, 0x0000000100000000)
  eden space 65536K, 100% used [0x00000000f5580000,0x00000000f9580000,0x00000000f9580000)
  from space 10752K, 0% used [0x00000000fa000000,0x00000000fa000000,0x00000000faa80000)
  to   space 10752K, 0% used [0x00000000f9580000,0x00000000f9580000,0x00000000fa000000)
 ParOldGen       total 175104K, used 0K [0x00000000e0000000, 0x00000000eab00000, 0x00000000f5580000)
  object space 175104K, 0% used [0x00000000e0000000,0x00000000e0000000,0x00000000eab00000)
 Metaspace       used 7780K, capacity 8026K, committed 8320K, reserved 1056768K
  class space    used 937K, capacity 1034K, committed 1152K, reserved 1048576K
Event: 0.490 GC heap after
Heap after GC invocations=1 (full 0):
 PSYoungGen      total 76288K, used 5980K [0x00000000f5580000, 0x00000000fea80000, 0x0000000100000000)
  eden space 65536K, 0% used [0x00000000f5580000,0x00000000f5580000,0x00000000f9580000)
  from space 10752K, 55% used [0x00000000f9580000,0x00000000f9b57080,0x00000000fa000000)
  to   space 10752K, 0% used [0x00000000fe000000,0x00000000fe000000,0x00000000fea80000)
 ParOldGen       total 175104K, used 8K [0x00000000e0000000, 0x00000000eab00000, 0x00000000f5580000)
  object space 175104K, 0% used [0x00000000e0000000,0x00000000e0002000,0x00000000eab00000)
 Metaspace       used 7780K, capacity 8026K, committed 8320K, reserved 1056768K
  class space    used 937K, capacity 1034K, committed 1152K, reserved 1048576K
}
Event: 1.125 GC heap before
{Heap before GC invocations=2 (full 0):
 PSYoungGen      total 76288K, used 71516K [0x00000000f5580000, 0x00000000fea80000, 0x0000000100000000)
  eden space 65536K, 100% used [0x00000000f5580000,0x00000000f9580000,0x00000000f9580000)
  from space 10752K, 55% used [0x00000000f9580000,0x00000000f9b57080,0x00000000fa000000)
  to   space 10752K, 0% used [0x00000000fe000000,0x00000000fe000000,0x00000000fea80000)
 ParOldGen       total 175104K, used 8K [0x00000000e0000000, 0x00000000eab00000, 0x00000000f5580000)
  object space 175104K, 0% used [0x00000000e0000000,0x00000000e0002000,0x00000000eab00000)
 Metaspace       used 13845K, capacity 14294K, committed 14464K, reserved 1060864K
  class space    used 1889K, capacity 2051K, committed 2176K, reserved 1048576K
Event: 1.131 GC heap after
Heap after GC invocations=2 (full 0):
 PSYoungGen      total 138752K, used 8916K [0x00000000f5580000, 0x00000000fe900000, 0x0000000100000000)
  eden space 129536K, 0% used [0x00000000f5580000,0x00000000f5580000,0x00000000fd400000)
  from space 9216K, 96% used [0x00000000fe000000,0x00000000fe8b50d8,0x00000000fe900000)
  to   space 10752K, 0% used [0x00000000fd400000,0x00000000fd400000,0x00000000fde80000)
 ParOldGen       total 175104K, used 16K [0x00000000e0000000, 0x00000000eab00000, 0x00000000f5580000)
  object space 175104K, 0% used [0x00000000e0000000,0x00000000e0004000,0x00000000eab00000)
 Metaspace       used 13845K, capacity 14294K, committed 14464K, reserved 1060864K
  class space    used 1889K, capacity 2051K, committed 2176K, reserved 1048576K
}
Event: 1.674 GC heap before
{Heap before GC invocations=3 (full 0):
 PSYoungGen      total 138752K, used 86393K [0x00000000f5580000, 0x00000000fe900000, 0x0000000100000000)
  eden space 129536K, 59% used [0x00000000f5580000,0x00000000fa1295f8,0x00000000fd400000)
  from space 9216K, 96% used [0x00000000fe000000,0x00000000fe8b50d8,0x00000000fe900000)
  to   space 10752K, 0% used [0x00000000fd400000,0x00000000fd400000,0x00000000fde80000)
 ParOldGen       total 175104K, used 16K [0x00000000e0000000, 0x00000000eab00000, 0x00000000f5580000)
  object space 175104K, 0% used [0x00000000e0000000,0x00000000e0004000,0x00000000eab00000)
 Metaspace       used 20573K, capacity 21208K, committed 21248K, reserved 1067008K
  class space    used 2868K, capacity 3056K, committed 3072K, reserved 1048576K
Event: 1.683 GC heap after
Heap after GC invocations=3 (full 0):
 PSYoungGen      total 140288K, used 10750K [0x00000000f5580000, 0x0000000100000000, 0x0000000100000000)
  eden space 129536K, 0% used [0x00000000f5580000,0x00000000f5580000,0x00000000fd400000)
  from space 10752K, 99% used [0x00000000fd400000,0x00000000fde7f970,0x00000000fde80000)
  to   space 10752K, 0% used [0x00000000ff580000,0x00000000ff580000,0x0000000100000000)
 ParOldGen       total 175104K, used 2402K [0x00000000e0000000, 0x00000000eab00000, 0x00000000f5580000)
  object space 175104K, 1% used [0x00000000e0000000,0x00000000e02588f8,0x00000000eab00000)
 Metaspace       used 20573K, capacity 21208K, committed 21248K, reserved 1067008K
  class space    used 2868K, capacity 3056K, committed 3072K, reserved 1048576K
}
Event: 1.683 GC heap before
{Heap before GC invocations=4 (full 1):
 PSYoungGen      total 140288K, used 10750K [0x00000000f5580000, 0x0000000100000000, 0x0000000100000000)
  eden space 129536K, 0% used [0x00000000f5580000,0x00000000f5580000,0x00000000fd400000)
  from space 10752K, 99% used [0x00000000fd400000,0x00000000fde7f970,0x00000000fde80000)
  to   space 10752K, 0% used [0x00000000ff580000,0x00000000ff580000,0x0000000100000000)
 ParOldGen       total 175104K, used 2402K [0x00000000e0000000, 0x00000000eab00000, 0x00000000f5580000)
  object space 175104K, 1% used [0x00000000e0000000,0x00000000e02588f8,0x00000000eab00000)
 Metaspace       used 20573K, capacity 21208K, committed 21248K, reserved 1067008K
  class space    used 2868K, capacity 3056K, committed 3072K, reserved 1048576K
Event: 1.707 GC heap after
Heap after GC invocations=4 (full 1):
 PSYoungGen      total 140288K, used 0K [0x00000000f5580000, 0x0000000100000000, 0x0000000100000000)
  eden space 129536K, 0% used [0x00000000f5580000,0x00000000f5580000,0x00000000fd400000)
  from space 10752K, 0% used [0x00000000fd400000,0x00000000fd400000,0x00000000fde80000)
  to   space 10752K, 0% used [0x00000000ff580000,0x00000000ff580000,0x0000000100000000)
 ParOldGen       total 175104K, used 12518K [0x00000000e0000000, 0x00000000eab00000, 0x00000000f5580000)
  object space 175104K, 7% used [0x00000000e0000000,0x00000000e0c39a60,0x00000000eab00000)
 Metaspace       used 20573K, capacity 21208K, committed 21248K, reserved 1067008K
  class space    used 2868K, capacity 3056K, committed 3072K, reserved 1048576K
}
Event: 2.565 GC heap before
{Heap before GC invocations=5 (full 1):
 PSYoungGen      total 140288K, used 129536K [0x00000000f5580000, 0x0000000100000000, 0x0000000100000000)
  eden space 129536K, 100% used [0x00000000f5580000,0x00000000fd400000,0x00000000fd400000)
  from space 10752K, 0% used [0x00000000fd400000,0x00000000fd400000,0x00000000fde80000)
  to   space 10752K, 0% used [0x00000000ff580000,0x00000000ff580000,0x0000000100000000)
 ParOldGen       total 175104K, used 12518K [0x00000000e0000000, 0x00000000eab00000, 0x00000000f5580000)
  object space 175104K, 7% used [0x00000000e0000000,0x00000000e0c39a60,0x00000000eab00000)
 Metaspace       used 31891K, capacity 32732K, committed 33024K, reserved 1077248K
  class space    used 4333K, capacity 4537K, committed 4608K, reserved 1048576K
Event: 2.576 GC heap after
Heap after GC invocations=5 (full 1):
 PSYoungGen      total 163840K, used 10746K [0x00000000f5580000, 0x0000000100000000, 0x0000000100000000)
  eden space 153088K, 0% used [0x00000000f5580000,0x00000000f5580000,0x00000000feb00000)
  from space 10752K, 99% used [0x00000000ff580000,0x00000000ffffe8e8,0x0000000100000000)
  to   space 10752K, 0% used [0x00000000feb00000,0x00000000feb00000,0x00000000ff580000)
 ParOldGen       total 175104K, used 14815K [0x00000000e0000000, 0x00000000eab00000, 0x00000000f5580000)
  object space 175104K, 8% used [0x00000000e0000000,0x00000000e0e77e20,0x00000000eab00000)
 Metaspace       used 31891K, capacity 32732K, committed 33024K, reserved 1077248K
  class space    used 4333K, capacity 4537K, committed 4608K, reserved 1048576K
}

